  ball.cpp
C:\Users\Dstoc\source\repos\Breakout_11\Breakout_11\ball.cpp(48,31): warning C4244: 'return': conversion from 'float' to 'int', possible loss of data
C:\Users\Dstoc\source\repos\Breakout_11\Breakout_11\ball.cpp(49,34): warning C4244: 'return': conversion from 'float' to 'int', possible loss of data
C:\Users\Dstoc\source\repos\Breakout_11\Breakout_11\ball.cpp(50,32): warning C4244: 'return': conversion from 'float' to 'int', possible loss of data
C:\Users\Dstoc\source\repos\Breakout_11\Breakout_11\ball.cpp(51,33): warning C4244: 'return': conversion from 'float' to 'int', possible loss of data
C:\Users\Dstoc\source\repos\Breakout_11\Breakout_11\ball.cpp(74,35): warning C4244: 'argument': conversion from 'int' to 'float', possible loss of data
C:\Users\Dstoc\source\repos\Breakout_11\Breakout_11\ball.cpp(96,21): warning C4244: '=': conversion from 'int' to 'float', possible loss of data
C:\Users\Dstoc\source\repos\Breakout_11\Breakout_11\ball.cpp(100,22): warning C4244: '=': conversion from 'int' to 'float', possible loss of data
C:\Users\Dstoc\source\repos\Breakout_11\Breakout_11\ball.cpp(106,23): warning C4244: '=': conversion from 'int' to 'float', possible loss of data
C:\Users\Dstoc\source\repos\Breakout_11\Breakout_11\ball.cpp(110,20): warning C4244: '=': conversion from 'int' to 'float', possible loss of data
C:\Users\Dstoc\source\repos\Breakout_11\Breakout_11\ball.cpp(116,17): warning C4244: 'initializing': conversion from 'double' to 'float', possible loss of data
C:\Users\Dstoc\source\repos\Breakout_11\Breakout_11\ball.cpp(122,16): warning C4244: 'initializing': conversion from 'double' to 'float', possible loss of data
C:\Users\Dstoc\source\repos\Breakout_11\Breakout_11\ball.cpp(123,15): warning C4244: 'initializing': conversion from 'double' to 'float', possible loss of data
C:\Users\Dstoc\source\repos\Breakout_11\Breakout_11\ball.cpp(124,17): warning C4244: 'initializing': conversion from 'double' to 'float', possible loss of data
C:\Users\Dstoc\source\repos\Breakout_11\Breakout_11\ball.cpp(125,18): warning C4244: 'initializing': conversion from 'double' to 'float', possible loss of data
  breakout.cpp
C:\Users\Dstoc\source\repos\Breakout_11\Breakout_11\breakout.cpp(44,14): warning C4244: 'initializing': conversion from 'int' to 'float', possible loss of data
C:\Users\Dstoc\source\repos\Breakout_11\Breakout_11\breakout.cpp(213,52): warning C4244: 'argument': conversion from 'double' to 'float', possible loss of data
C:\Users\Dstoc\source\repos\Breakout_11\Breakout_11\breakout.cpp(215,14): warning C4244: 'argument': conversion from 'double' to 'float', possible loss of data
C:\Users\Dstoc\source\repos\Breakout_11\Breakout_11\breakout.cpp(277,14): warning C4244: 'argument': conversion from 'double' to 'float', possible loss of data
C:\Users\Dstoc\source\repos\Breakout_11\Breakout_11\breakout.cpp(280,12): warning C4244: 'argument': conversion from 'double' to 'float', possible loss of data
  Generating Code...
  Breakout_11.vcxproj -> C:\Users\Dstoc\source\repos\Breakout_11\Debug\Breakout_11.exe
